Determining if the include file pthread.h exists failed with the following output:
Change Dir: /Users/boland/Projects/FHE/fhe-toolkit-macos/dependencies/CMakeFiles/CMakeTmp

Run Build Command(s):/usr/bin/xcodebuild -project CMAKE_TRY_COMPILE.xcodeproj build -target cmTC_a6795 -parallelizeTargets -configuration Debug -hideShellScriptEnvironment && Command line invocation:
    /Applications/Xcode_12_3.app/Contents/Developer/usr/bin/xcodebuild -project CMAKE_TRY_COMPILE.xcodeproj build -target cmTC_a6795 -parallelizeTargets -configuration Debug -hideShellScriptEnvironment

User defaults from command line:
    HideShellScriptEnvironment = YES

note: Using new build system
note: Building targets in parallel
note: Planning build
note: Constructing build description
CreateBuildDirectory /Users/boland/Projects/FHE/fhe-toolkit-macos/dependencies/CMakeFiles/CMakeTmp (in target 'cmTC_a6795' from project 'CMAKE_TRY_COMPILE')
    cd /Users/boland/Projects/FHE/fhe-toolkit-macos/dependencies/CMakeFiles/CMakeTmp
    builtin-create-build-directory /Users/boland/Projects/FHE/fhe-toolkit-macos/dependencies/CMakeFiles/CMakeTmp

WriteAuxiliaryFile /Users/boland/Projects/FHE/fhe-toolkit-macos/dependencies/CMakeFiles/CMakeTmp/CMAKE_TRY_COMPILE.build/Debug/cmTC_a6795.build/Objects-normal/x86_64/cmTC_a6795.LinkFileList (in target 'cmTC_a6795' from project 'CMAKE_TRY_COMPILE')
    cd /Users/boland/Projects/FHE/fhe-toolkit-macos/dependencies/CMakeFiles/CMakeTmp
    write-file /Users/boland/Projects/FHE/fhe-toolkit-macos/dependencies/CMakeFiles/CMakeTmp/CMAKE_TRY_COMPILE.build/Debug/cmTC_a6795.build/Objects-normal/x86_64/cmTC_a6795.LinkFileList

CompileC /Users/boland/Projects/FHE/fhe-toolkit-macos/dependencies/CMakeFiles/CMakeTmp/CMAKE_TRY_COMPILE.build/Debug/cmTC_a6795.build/Objects-normal/x86_64/CheckIncludeFile.o /Users/boland/Projects/FHE/fhe-toolkit-macos/dependencies/CMakeFiles/CMakeTmp/CheckIncludeFile.cxx normal x86_64 c++ com.apple.compilers.llvm.clang.1_0.compiler (in target 'cmTC_a6795' from project 'CMAKE_TRY_COMPILE')
    cd /Users/boland/Projects/FHE/fhe-toolkit-macos/dependencies/CMakeFiles/CMakeTmp
    /Applications/Xcode_12_3.app/Contents/Developer/Toolchains/XcodeDefault.xctoolchain/usr/bin/clang -x c++ -target x86_64-apple-macos10.15 -fmessage-length\=0 -fdiagnostics-show-note-include-stack -fmacro-backtrace-limit\=0 -Wno-trigraphs -fpascal-strings -O0 -Wno-missing-field-initializers -Wno-missing-prototypes -Wno-return-type -Wno-non-virtual-dtor -Wno-overloaded-virtual -Wno-exit-time-destructors -Wno-missing-braces -Wparentheses -Wswitch -Wno-unused-function -Wno-unused-label -Wno-unused-parameter -Wno-unused-variable -Wunused-value -Wno-empty-body -Wno-uninitialized -Wno-unknown-pragmas -Wno-shadow -Wno-four-char-constants -Wno-conversion -Wno-constant-conversion -Wno-int-conversion -Wno-bool-conversion -Wno-enum-conversion -Wno-float-conversion -Wno-non-literal-null-conversion -Wno-objc-literal-conversion -Wno-shorten-64-to-32 -Wno-newline-eof -Wno-c++11-extensions -DCMAKE_INTDIR\=\"Debug\" -isysroot /Applications/Xcode_12_3.app/Contents/Developer/Platforms/MacOSX.platform/Developer/SDKs/MacOSX11.1.sdk -fasm-blocks -fstrict-aliasing -Wdeprecated-declarations -Winvalid-offsetof -g -Wno-sign-conversion -Wno-infinite-recursion -Wno-move -Wno-comma -Wno-block-capture-autoreleasing -Wno-strict-prototypes -Wno-range-loop-analysis -Wno-semicolon-before-method-body -I/Users/boland/Projects/FHE/fhe-toolkit-macos/dependencies/CMakeFiles/CMakeTmp/Debug/include -I/Users/boland/Projects/FHE/fhe-toolkit-macos/dependencies/CMakeFiles/CMakeTmp/CMAKE_TRY_COMPILE.build/Debug/cmTC_a6795.build/DerivedSources-normal/x86_64 -I/Users/boland/Projects/FHE/fhe-toolkit-macos/dependencies/CMakeFiles/CMakeTmp/CMAKE_TRY_COMPILE.build/Debug/cmTC_a6795.build/DerivedSources/x86_64 -I/Users/boland/Projects/FHE/fhe-toolkit-macos/dependencies/CMakeFiles/CMakeTmp/CMAKE_TRY_COMPILE.build/Debug/cmTC_a6795.build/DerivedSources -F/Users/boland/Projects/FHE/fhe-toolkit-macos/dependencies/CMakeFiles/CMakeTmp/Debug -Werror -fopenmp -std\=gnu++17 -MMD -MT dependencies -MF /Users/boland/Projects/FHE/fhe-toolkit-macos/dependencies/CMakeFiles/CMakeTmp/CMAKE_TRY_COMPILE.build/Debug/cmTC_a6795.build/Objects-normal/x86_64/CheckIncludeFile.d --serialize-diagnostics /Users/boland/Projects/FHE/fhe-toolkit-macos/dependencies/CMakeFiles/CMakeTmp/CMAKE_TRY_COMPILE.build/Debug/cmTC_a6795.build/Objects-normal/x86_64/CheckIncludeFile.dia -c /Users/boland/Projects/FHE/fhe-toolkit-macos/dependencies/CMakeFiles/CMakeTmp/CheckIncludeFile.cxx -o /Users/boland/Projects/FHE/fhe-toolkit-macos/dependencies/CMakeFiles/CMakeTmp/CMAKE_TRY_COMPILE.build/Debug/cmTC_a6795.build/Objects-normal/x86_64/CheckIncludeFile.o
clang: error: unsupported option '-fopenmp'

** BUILD FAILED **


The following build commands failed:
	CompileC /Users/boland/Projects/FHE/fhe-toolkit-macos/dependencies/CMakeFiles/CMakeTmp/CMAKE_TRY_COMPILE.build/Debug/cmTC_a6795.build/Objects-normal/x86_64/CheckIncludeFile.o /Users/boland/Projects/FHE/fhe-toolkit-macos/dependencies/CMakeFiles/CMakeTmp/CheckIncludeFile.cxx normal x86_64 c++ com.apple.compilers.llvm.clang.1_0.compiler
(1 failure)



